<?xml version="1.0" encoding="UTF-8"?>
<!-- Generated by org.testng.reporters.JUnitReportReporter -->
<testsuite hostname="LAPTOP-L6UCUK0E" failures="0" tests="1" name="org.testng.TestNgEx" time="30.899" errors="0" timestamp="31 Dec 2022 02:16:34 GMT" skipped="0">
  <testcase classname="org.testng.TestNgEx" name="log" time="30.899"/>
</testsuite> <!-- org.testng.TestNgEx -->
